<?xml version="1.0" encoding="UTF-8"?>
<!-- Generated by org.testng.reporters.JUnitXMLReporter -->
<testsuite hostname="DESKTOP-BBER3AS" ignored="5" tests="3" failures="1" timestamp="06 十二月 2019 11:40:45 GMT" time="70.183" errors="0">
  <testcase name="taskTemplateTest" time="0.162" classname="TaskTemplateTest"/>
  <testcase name="createTemplateBase" time="1.3" classname="TaskTemplateTest"/>
  <testcase name="newTask" time="14.217" classname="TaskManageTest">
    <failure type="org.openqa.selenium.WebDriverException" message="element click intercepted: Element &amp;lt;iframe class=&amp;quot;J_iframe&amp;quot; name=&amp;quot;iframe1&amp;quot; width=&amp;quot;100%&amp;quot; height=&amp;quot;100%&amp;quot; src=&amp;quot;task/main.do&amp;quot; frameborder=&amp;quot;0&amp;quot; data-id=&amp;quot;task/main.do&amp;quot; seamless=&amp;quot;&amp;quot; scrolling=&amp;quot;auto&amp;quot; cd_frame_id_=&amp;quot;2108ce0536048dcdaad9693f93669744&amp;quot;&amp;gt;&amp;lt;/iframe&amp;gt; is not clickable at point (530, 605). Other element would receive the click: &amp;lt;div class=&amp;quot;layui-layer-shade&amp;quot; id=&amp;quot;layui-layer-shade2&amp;quot; times=&amp;quot;2&amp;quot; style=&amp;quot;z-index:19891015; background-color:#000; opacity:0.3; filter:alpha(opacity=30);&amp;quot;&amp;gt;&amp;lt;/div&amp;gt;
  (Session info: chrome=78.0.3904.108)
  (Driver info: chromedriver=77.0.3865.40 (f484704e052e0b556f8030b65b953dce96503217-refs/branch-heads/3865@{#442}),platform=Windows NT 10.0.14393 x86_64) (WARNING: The server did not provide any stacktrace information)
Command duration or timeout: 66 milliseconds
Build info: version: &amp;apos;2.53.1&amp;apos;, revision: &amp;apos;a36b8b1cd5757287168e54b817830adce9b0158d&amp;apos;, time: &amp;apos;2016-06-30 19:26:09&amp;apos;
System info: host: &amp;apos;DESKTOP-BBER3AS&amp;apos;, ip: &amp;apos;172.30.144.166&amp;apos;, os.name: &amp;apos;Windows 10&amp;apos;, os.arch: &amp;apos;amd64&amp;apos;, os.version: &amp;apos;10.0&amp;apos;, java.version: &amp;apos;1.8.0_212&amp;apos;
Driver info: org.openqa.selenium.chrome.ChromeDriver
Capabilities [{mobileEmulationEnabled=false, timeouts={implicit=0, pageLoad=300000, script=30000}, hasTouchScreen=false, platform=XP, acceptSslCerts=false, goog:chromeOptions={debuggerAddress=localhost:63939}, acceptInsecureCerts=false, webStorageEnabled=true, browserName=chrome, takesScreenshot=true, javascriptEnabled=true, setWindowRect=true, unexpectedAlertBehaviour=ignore, applicationCacheEnabled=false, rotatable=false, networkConnectionEnabled=false, chrome={chromedriverVersion=77.0.3865.40 (f484704e052e0b556f8030b65b953dce96503217-refs/branch-heads/3865@{#442}), userDataDir=C:\Users\ADMINI~1\AppData\Local\Temp\scoped_dir10560_852279028}, takesHeapSnapshot=true, pageLoadStrategy=normal, strictFileInteractability=false, databaseEnabled=false, handlesAlerts=true, version=78.0.3904.108, browserConnectionEnabled=false, proxy={}, nativeEvents=true, locationContextEnabled=true, cssSelectorsEnabled=true}]
Session ID: 9fce75ba7dbf15a2a2c3af81a95db661">
      <![CDATA[org.openqa.selenium.WebDriverException: element click intercepted: Element <iframe class="J_iframe" name="iframe1" width="100%" height="100%" src="task/main.do" frameborder="0" data-id="task/main.do" seamless="" scrolling="auto" cd_frame_id_="2108ce0536048dcdaad9693f93669744"></iframe> is not clickable at point (530, 605). Other element would receive the click: <div class="layui-layer-shade" id="layui-layer-shade2" times="2" style="z-index:19891015; background-color:#000; opacity:0.3; filter:alpha(opacity=30);"></div>
  (Session info: chrome=78.0.3904.108)
  (Driver info: chromedriver=77.0.3865.40 (f484704e052e0b556f8030b65b953dce96503217-refs/branch-heads/3865@{#442}),platform=Windows NT 10.0.14393 x86_64) (WARNING: The server did not provide any stacktrace information)
Command duration or timeout: 66 milliseconds
Build info: version: '2.53.1', revision: 'a36b8b1cd5757287168e54b817830adce9b0158d', time: '2016-06-30 19:26:09'
System info: host: 'DESKTOP-BBER3AS', ip: '172.30.144.166', os.name: 'Windows 10', os.arch: 'amd64', os.version: '10.0', java.version: '1.8.0_212'
Driver info: org.openqa.selenium.chrome.ChromeDriver
Capabilities [{mobileEmulationEnabled=false, timeouts={implicit=0, pageLoad=300000, script=30000}, hasTouchScreen=false, platform=XP, acceptSslCerts=false, goog:chromeOptions={debuggerAddress=localhost:63939}, acceptInsecureCerts=false, webStorageEnabled=true, browserName=chrome, takesScreenshot=true, javascriptEnabled=true, setWindowRect=true, unexpectedAlertBehaviour=ignore, applicationCacheEnabled=false, rotatable=false, networkConnectionEnabled=false, chrome={chromedriverVersion=77.0.3865.40 (f484704e052e0b556f8030b65b953dce96503217-refs/branch-heads/3865@{#442}), userDataDir=C:\Users\ADMINI~1\AppData\Local\Temp\scoped_dir10560_852279028}, takesHeapSnapshot=true, pageLoadStrategy=normal, strictFileInteractability=false, databaseEnabled=false, handlesAlerts=true, version=78.0.3904.108, browserConnectionEnabled=false, proxy={}, nativeEvents=true, locationContextEnabled=true, cssSelectorsEnabled=true}]
Session ID: 9fce75ba7dbf15a2a2c3af81a95db661
at sun.reflect.NativeConstructorAccessorImpl.newInstance0(Native Method)
at sun.reflect.NativeConstructorAccessorImpl.newInstance(NativeConstructorAccessorImpl.java:62)
at sun.reflect.DelegatingConstructorAccessorImpl.newInstance(DelegatingConstructorAccessorImpl.java:45)
at java.lang.reflect.Constructor.newInstance(Constructor.java:423)
at org.openqa.selenium.remote.ErrorHandler.createThrowable(ErrorHandler.java:206)
at org.openqa.selenium.remote.ErrorHandler.throwIfResponseFailed(ErrorHandler.java:158)
at org.openqa.selenium.remote.RemoteWebDriver.execute(RemoteWebDriver.java:678)
at org.openqa.selenium.remote.RemoteWebElement.execute(RemoteWebElement.java:327)
at org.openqa.selenium.remote.RemoteWebElement.click(RemoteWebElement.java:85)
at TaskManageMovie.clickNameMatch(TaskManageMovie.java:123)
at TaskManageTest.newTask(TaskManageTest.java:40)
at sun.reflect.NativeMethodAccessorImpl.invoke0(Native Method)
at sun.reflect.NativeMethodAccessorImpl.invoke(NativeMethodAccessorImpl.java:62)
at sun.reflect.DelegatingMethodAccessorImpl.invoke(DelegatingMethodAccessorImpl.java:43)
at java.lang.reflect.Method.invoke(Method.java:498)
at org.testng.internal.MethodInvocationHelper.invokeMethod(MethodInvocationHelper.java:124)
at org.testng.internal.Invoker.invokeMethod(Invoker.java:583)
at org.testng.internal.Invoker.invokeTestMethod(Invoker.java:719)
at org.testng.internal.Invoker.invokeTestMethods(Invoker.java:989)
at org.testng.internal.TestMethodWorker.invokeTestMethods(TestMethodWorker.java:125)
at org.testng.internal.TestMethodWorker.run(TestMethodWorker.java:109)
at org.testng.TestRunner.privateRun(TestRunner.java:648)
at org.testng.TestRunner.run(TestRunner.java:505)
at org.testng.SuiteRunner.runTest(SuiteRunner.java:455)
at org.testng.SuiteRunner.runSequentially(SuiteRunner.java:450)
at org.testng.SuiteRunner.privateRun(SuiteRunner.java:415)
at org.testng.SuiteRunner.run(SuiteRunner.java:364)
at org.testng.SuiteRunnerWorker.runSuite(SuiteRunnerWorker.java:52)
at org.testng.SuiteRunnerWorker.run(SuiteRunnerWorker.java:84)
at org.testng.TestNG.runSuitesSequentially(TestNG.java:1208)
at org.testng.TestNG.runSuitesLocally(TestNG.java:1137)
at org.testng.TestNG.runSuites(TestNG.java:1049)
at org.testng.TestNG.run(TestNG.java:1017)
at org.testng.IDEARemoteTestNG.run(IDEARemoteTestNG.java:73)
at org.testng.RemoteTestNGStarter.main(RemoteTestNGStarter.java:123)
]]>
    </failure>
  </testcase> <!-- newTask -->
  <testcase name="selectDeleteTemplate" time="0.0" classname="TaskTemplateTest">
    <ignored/>
  </testcase> <!-- selectDeleteTemplate -->
  <testcase name="ceateTemplateOneExtend" time="0.0" classname="TaskTemplateTest">
    <ignored/>
  </testcase> <!-- ceateTemplateOneExtend -->
  <testcase name="taskManageTest" time="0.0" classname="TaskManageTest">
    <ignored/>
  </testcase> <!-- taskManageTest -->
  <testcase name="noSelectUpdate" time="0.0" classname="TaskTemplateTest">
    <ignored/>
  </testcase> <!-- noSelectUpdate -->
  <testcase name="ceateTemplateManyExtend" time="0.0" classname="TaskTemplateTest">
    <ignored/>
  </testcase> <!-- ceateTemplateManyExtend -->
</testsuite>
